<?xml version="1.0" encoding="UTF-8"?>
<testng-results skipped="0" failed="0" ignored="0" total="1" passed="1">
  <reporter-output>
  </reporter-output>
  <suite name="Default suite" duration-ms="23057" started-at="2020-04-11T06:36:24Z" finished-at="2020-04-11T06:36:48Z">
    <groups>
    </groups>
    <test name="Default test" duration-ms="23057" started-at="2020-04-11T06:36:24Z" finished-at="2020-04-11T06:36:48Z">
      <class name="com.project.testcases.TestProfile">
        <test-method status="PASS" signature="profile()[pri:0, instance:com.project.testcases.TestProfile@2353b3e6]" name="profile" duration-ms="23013" started-at="2020-04-11T12:06:25Z" finished-at="2020-04-11T12:06:48Z">
          <reporter-output>
          </reporter-output>
        </test-method> <!-- profile -->
      </class> <!-- com.project.testcases.TestProfile -->
    </test> <!-- Default test -->
  </suite> <!-- Default suite -->
</testng-results>
